<?xml version="1.0" encoding="UTF-8"?>
<testsuite name="LoginTests" tests="1" skipped="0" failures="0" errors="0" timestamp="2024-06-15T10:45:19" hostname="DESKTOP-K7HO3CG" time="4.82">
  <properties/>
  <testcase name="successfulLoginTest()" classname="LoginTests" time="4.82"/>
  <system-out><![CDATA[]]></system-out>
  <system-err><![CDATA[SLF4J: No SLF4J providers were found.
SLF4J: Defaulting to no-operation (NOP) logger implementation
SLF4J: See https://www.slf4j.org/codes.html#noProviders for further details.
июн. 15, 2024 1:45:21 PM org.openqa.selenium.devtools.CdpVersionFinder findNearestMatch
WARNING: Unable to find CDP implementation matching 126
июн. 15, 2024 1:45:21 PM org.openqa.selenium.chromium.ChromiumDriver lambda$new$5
WARNING: Unable to find version of CDP to use for 126.0.6478.61. You may need to include a dependency on a specific version of the CDP using something similar to `org.seleniumhq.selenium:selenium-devtools-v86:4.13.0` where the version ("v86") matches the version of the chromium-based browser you're using and the version number of the artifact is the same as Selenium's.
]]></system-err>
</testsuite>
